<?xml version="1.0" encoding="UTF-8"?>
<!-- Generated by org.testng.reporters.JUnitXMLReporter -->
<testsuite ignored="0" hostname="LAPTOP-MB7DGVQG" failures="1" tests="1" name="Test" time="6.584" errors="0" timestamp="2024-10-27T18:15:27 IST">
  <testcase classname="com.stc.SelectOct3.SearchTest" name="f" time="6.523">
    <failure type="java.lang.AssertionError" message="expected [Hello QA] but found [Hello Qa]">
      <![CDATA[java.lang.AssertionError: expected [Hello QA] but found [Hello Qa]
at com.stc.SelectOct3.SearchTest.f(SearchTest.java:40)
at java.base/java.util.ArrayList.forEach(ArrayList.java:1511)
... Removed 33 stack frames]]>
    </failure>
  </testcase> <!-- f -->
</testsuite> <!-- Test -->
